<?xml version="1.0" encoding="UTF-8" ?>
<testsuite errors="0" failures="1" hostname="mPad" name="srt.TextProcessorTest" skipped="0" tests="1" time="4.815" timestamp="2014-08-09T15:22:41">
  <properties>
[...]
</properties>
  <testcase classname="srt.TextProcessorTest" name="testTextToLines" time="4.721">
    <failure message="The test case is a prototype." type="junit.framework.AssertionFailedError">junit.framework.AssertionFailedError: The test case is a prototype.
	at srt.TextProcessorTest.testTextToLines(TextProcessorTest.java:52)
</failure>
  </testcase>
  <system-out><![CDATA[TextToLines
Überall dieselbe alte Leier. Das Layout ist fertig, der Text lässt auf sich warten. Damit das Layout
nun nicht nackt im Raume steht und sich klein und leer vorkommt, springe ich ein: der Blindtext. Ge-
nau zu diesem Zwecke erschaffen, immer im Schatten meines großen Bruders »Lorem Ipsum«, freue ich 
michjedes Mal, wenn Sie ein paar Zeilen lesen. Denn esse est percipi - Sein ist wahrgenommen werden.
Und weil Sie nun schon die Güte haben, mich ein paar weitere Sätze lang zu begleiten, möchte ich 
se Gelegenheit nutzen, Ihnen nicht nur als Lückenfüller zu dienen, sondern auf etwas hinzuweisen, 
dases ebenso verdient wahrgenommen zu werden: Webstandards nämlich. Sehen Sie, Webstandards sind das
Regelwerk, auf dem Webseiten aufbauen. So gibt es Regeln für HTML, CSS, JavaScript oder auch XML; 
Worte,die Sie vielleicht schon einmal von Ihrem Entwickler gehört haben. Diese Standards sorgen da-
für, dass alle Beteiligten aus einer Webseite den größten Nutzen ziehen. Im Gegensatz zu früheren 
Webseitenmüssen wir zum Beispiel nicht mehr zwei verschiedene Webseiten für den Internet Explorer 
undeinen anderen Browser programmieren. Es reicht eine Seite, die - richtig angelegt - sowohl auf 
verschiedenenBrowsern im Netz funktioniert, aber ebenso gut für den Ausdruck oder die Darstellung 
aufeinem Handy geeignet ist. Wohlgemerkt: Eine Seite für alle Formate. Was für eine Erleichterung. 
Standardssparen Zeit bei den Entwicklungskosten und sorgen dafür, dass sich Webseiten später leich-
ter pflegen lassen. Natürlich nur dann, wenn sich alle an diese Standards halten. Das gilt für Brow-
ser wie Firefox, Opera, Safari und den Internet Explorer ebenso wie für die Darstellung in Handys. 
Undwas können Sie für Standards tun? Fordern Sie von Ihren Designern und Programmieren einfach stan-
me Webseiten. Ihr Budget wird es Ihnen auf Dauer danken. Ebenso möchte ich Ihnen dafür danken, dass
Sie mich bin zum Ende gelesen haben. Meine Mission ist erfüllt. Ich werde hier noch die Stellung 
ten, bis der geplante Text eintrifft. Ich wünsche Ihnen noch einen schönen Tag. Und arbeiten Sie 
nichtzuviel!Überall dieselbe alte Leier. Das Layout ist fertig, der Text lässt auf sich warten. Da-
mit das Layout nun nicht nackt im Raume steht und sich klein und leer vorkommt, springe ich ein: der
Blindtext. Genau zu diesem Zwecke erschaffen, immer im Schatten meines großen Bruders »Lorem Ipsum«,
freue ich mich jedes Mal, wenn Sie ein paar Zeilen lesen. Denn esse est percipi - Sein ist wahr-
men werden. Und weil Sie nun schon die Güte haben, mich ein paar weitere Sätze lang zu begleiten, 
möchteich diese Gelegenheit nutzen, Ihnen nicht nur als Lückenfüller zu dienen, sondern auf etwas 
hinzuweisen,das es ebenso verdient wahrgenommen zu werden: Webstandards nämlich. Sehen Sie, We-Web-
dards sind das Regelwerk, auf dem Webseiten aufbauen. So gibt es Regeln für HTML, CSS, JavaScript 
oderauch XML; Worte, die Sie vielleicht schon einmal von Ihrem Entwickler gehört haben. Diese Stan-
dards sorgen dafür, dass alle Beteiligten aus einer Webseite den größten Nutzen ziehen. Im Gegensatz
zu früheren Webseiten müssen wir zum Beispiel nicht mehr zwei verschiedene Webseiten für den In-
net Explorer und einen anderen Browser programmieren. Es reicht eine Seite, die - richtig angelegt -
sowohl auf verschiedenen Browsern im Netz funktioniert, aber ebenso gut für den Ausdruck oder die 
Darstellungauf einem Handy geeignet ist. Wohlgemerkt: Eine Seite für alle Formate. Was für eine Er-
rung. Standards sparen Zeit bei den Entwicklungskosten und sorgen dafür, dass sich Webseiten später
leichter pflegen lassen. Natürlich nur dann, wenn sich alle an diese Standards halten. Das gilt für
Browser wie Firefox, Opera, Safari und den Internet Explorer ebenso wie für die Darstellung in Han-
dys. Und was können Sie für Standards tun? Fordern Sie 
]]></system-out>
  <system-err><![CDATA[]]></system-err>
</testsuite>
